1700486569976:addstudent sasha voron 45
1700486964212:add sss fff 14
1700486993899:add
1700487059733:add ddd fff 45
1700487081628:list
1700487145582:add ddd fff 56
1700487149139:list
1700487165341:remove d8a2bb33-84f8-42ad-8987-265537b2307a
1700487169443:list
1700487175499:add rrr ttt 55
1700487180124:clear
1700487184836:list
1700487326998:add --f eee --l vvv --a 34
1700487330995:list
1700487360348:clear
1700487951399:add fff rrr 54
1700487954507:list
1700487959644:clear
1700487997055:add eee rrr 54
1700488000155:list
1700488005604:clear
1700488012763:list
1700488054438:cl
1700488060133:add fff rrr 54
1700488062316:list
1700488065228:cl
1700558361466:add fff rrr 43
1700559837370:add fff rrr 45
1700559928007:list
1700561545610:add rrr eee 34
1700561622480:add fff ggg 45
1700561673984:add ddd fff 45
1700562637959:add rrr fff 34
1700562716735:add fff vvv 45
1700567297031:add fff ttt 45
1700567304141:list
1700568406071:add ff fff 45
1700571731692:list
1700572068743:add dd ddd 34
1700572376790:add fff ggg 45
1700572380036:list
1700572773165:add fff rrr 34
1700572866014:add fff rrr 56
1700572973814:add rrr ttt 44
1700573471909:add fff ggg 45
1700575254397:add fff vvv 45
1700576980097:add fff ggg 45
1700642924413:add fff vvv 54
1700643802116:add ddd fff 34
1700645977563:add rrr ttt 45
1700645994447:list
1700646750466:add fff ttt 45
1700646758144:add vvv bbb 12
1700646761735:list
1700646848344:add ttt yyy 23
1700646852366:cl
1700646856591:list
1700661794908:add fff ttt 45
1700661798531:list
1700661801210:cl
1700661803946:list
1700731942352:add fff ggg 34
1700731959479:add bbb nnn 12
1700731962534:list
1700731976186:remove c69cb58c-2079-44d1-a5f2-996236fb8b6d
1700731983999:list
1700732063527:cl
1700732066735:list
1700816952369:add fff vvv 45
1700816962834:add eee sss 32
1700816964915:list
1700816980667:remove 30133ccc-543a-4329-b494-02c827246fb3
1700817000879:list
1700817004831:cl
1700817009277:c
1700817018845:add d
1700817035854:add df er
1700817124038:list
1700817129541:cl
1700817131837:list
1700918351111:cl
1700918353758:list
1700918358372:add fff vvv 43
